BMLR:Time_Now_Full=Sun Oct 23 18:20:00 2016
BMLR:Time_Now_Seconds=1477246800
BMLR:AC=1
BMLR:Sentinel_Log_Filename=Sentinel_BMLR_20161023.log
BMLR:Sentinel_Log_Failures=0
BMLR:Last_RDLi_Name=RDLi_BMLR_2016_10_23_1600.ruv
BMLR:Last_RDLi_Short_Name=23_1600
BMLR:Last_RDLi_Updated_Seconds=1477243296
BMLR:Last_RDLi_Age_Seconds=3504
BMLR:Last_RDLi_Age_Hours=0
BMLR:Last_RDLm_Name=RDLm_BMLR_2016_10_23_1600.ruv
BMLR:Last_RDLm_Short_Name=23_1600
BMLR:Last_RDLm_Updated_Seconds=1477243294
BMLR:Last_RDLm_Age_Seconds=3506
BMLR:Last_RDLm_Age_Hours=0
BMLR:Root_Disk_Available_GB=869
BMLR:Archive_Disk_Available_GB=881
BMLR:Diag_RDT_Name=STAT_BMLR_2016_10_23.rdt
BMLR:RDT_Updated_seconds=1477245348
BMLR:RDT_Age_Seconds=1452
BMLR:Max_Range_km=180.6
BMLR:Loop1_Amplitude=0.6290
BMLR:Loop2_Amplitude=0.4250
BMLR:Loop1_Phase_Deg=15.3
BMLR:Loop2_Phase_Deg=11.5
BMLR:Monopole_SNR_dB=+48.
BMLR:RDT_Sample_Seconds=1477242600
BMLR:Diag_HDT_Name=STAT_BMLR_2016_10_16.hdt
BMLR:HDT_Updated_seconds=1477246500
BMLR:HDT_Age_Seconds=300
BMLR:Computer_Runtime_Hours=18
BMLR:AWG_Runtime_Hours=0
BMLR:Receiver_Chassis_Temperature_DegC=24.000
BMLR:Receiver_AWG_Temperature_DegC=35.000
BMLR:Transmitter_Chassis_Temperature_DegC=27.000
BMLR:Transmitter_Amplifier_Temperature_DegC=32.000
BMLR:Transmitter_Forward_Power_W=48.100
BMLR:Transmitter_Reverse_Power_W=0.000
BMLR:HDT_Sample_Seconds=
