BML1:Time_Now_Full=Sun Oct 23 18:20:00 2016
BML1:Time_Now_Seconds=1477246800
BML1:AC=1
BML1:Sentinel_Log_Filename=Sentinel_BML1_20161023.log
BML1:Sentinel_Log_Failures=0
BML1:Last_RDLi_Name=RDLi_BML1_2016_10_23_1700.ruv
BML1:Last_RDLi_Short_Name=23_1700
BML1:Last_RDLi_Updated_Seconds=1477244298
BML1:Last_RDLi_Age_Seconds=2502
BML1:Last_RDLi_Age_Hours=0
BML1:Last_RDLm_Name=RDLm_BML1_2016_10_23_1700.ruv
BML1:Last_RDLm_Short_Name=23_1700
BML1:Last_RDLm_Updated_Seconds=1477244296
BML1:Last_RDLm_Age_Seconds=2504
BML1:Last_RDLm_Age_Hours=0
BML1:Root_Disk_Available_GB=579
BML1:Archive_Disk_Available_GB=86
BML1:Diag_RDT_Name=STAT_BML1_2016_10_17.rdt
BML1:RDT_Updated_seconds=1477246083
BML1:RDT_Age_Seconds=717
BML1:Max_Range_km=63.6
BML1:Loop1_Amplitude=1.9390
BML1:Loop2_Amplitude=1.7300
BML1:Loop1_Phase_Deg=76.5
BML1:Loop2_Phase_Deg=87.1
BML1:Monopole_SNR_dB=+47.
BML1:RDT_Sample_Seconds=1477246200
BML1:Diag_HDT_Name=STAT_BML1_2016_10_17.hdt
BML1:HDT_Updated_seconds=1477246500
BML1:HDT_Age_Seconds=300
BML1:Computer_Runtime_Hours=18
BML1:AWG_Runtime_Hours=114
BML1:Receiver_Chassis_Temperature_DegC=28
BML1:Receiver_AWG_Temperature_DegC=39
BML1:Transmitter_Chassis_Temperature_DegC=28
BML1:Transmitter_Amplifier_Temperature_DegC=34
BML1:Transmitter_Forward_Power_W=41
BML1:Transmitter_Reverse_Power_W=2
BML1:HDT_Sample_Seconds=1477246200
